#
# There is insufficient memory for the Java Runtime Environment to continue.
# Native memory allocation (malloc) failed to allocate 995824 bytes. Error detail: Chunk::new
# Possible reasons:
#   The system is out of physical RAM or swap space
#   This process is running with CompressedOops enabled, and the Java Heap may be blocking the growth of the native heap
# Possible solutions:
#   Reduce memory load on the system
#   Increase physical memory or swap space
#   Check if swap backing store is full
#   Decrease Java heap size (-Xmx/-Xms)
#   Decrease number of Java threads
#   Decrease Java thread stack sizes (-Xss)
#   Set larger code cache with -XX:ReservedCodeCacheSize=
#   JVM is running with Zero Based Compressed Oops mode in which the Java heap is
#     placed in the first 32GB address space. The Java Heap base address is the
#     maximum limit for the native heap growth. Please use -XX:HeapBaseMinAddress
#     to set the Java Heap base and to place the Java Heap above 32GB virtual address.
# This output file may be truncated or incomplete.
#
#  Out of Memory Error (arena.cpp:150), pid=2752, tid=28968
#
# JRE version: OpenJDK Runtime Environment (22.0.1+8) (build 22.0.1+8-16)
# Java VM: OpenJDK 64-Bit Server VM (22.0.1+8-16, mixed mode, sharing, tiered, compressed oops, compressed class ptrs, g1 gc, windows-amd64)
# No core dump will be written. Minidumps are not enabled by default on client versions of Windows
#

---------------  S U M M A R Y ------------

Command Line: C:\Users\nikitachawla\AppData\Local\Temp\surefire9146479597396626668\surefirebooter-20240712115449692_3.jar C:\Users\nikitachawla\AppData\Local\Temp\surefire9146479597396626668 2024-07-12T11-54-48_777-jvmRun1 surefire-20240712115449692_1tmp surefire_0-20240712115449692_2tmp

Host: 11th Gen Intel(R) Core(TM) i5-1145G7 @ 2.60GHz, 8 cores, 15G,  Windows 11 , 64 bit Build 22621 (10.0.22621.3672)
Time: Fri Jul 12 11:55:08 2024 India Standard Time elapsed time: 17.497888 seconds (0d 0h 0m 17s)

---------------  T H R E A D  ---------------

Current thread (0x000002562f1725e0):  JavaThread "C2 CompilerThread1" daemon [_thread_in_native, id=28968, stack(0x0000005a13700000,0x0000005a13800000) (1024K)]


Current CompileTask:
C2:17497 5201       4       jdk.internal.org.objectweb.asm.MethodWriter::computeAllFrames (510 bytes)

Stack: [0x0000005a13700000,0x0000005a13800000]
Native frames: (J=compiled Java code, j=interpreted, Vv=VM code, C=native code)
V  [jvm.dll+0x6e2279]  (no source info available)
V  [jvm.dll+0x874e33]  (no source info available)
V  [jvm.dll+0x87725e]  (no source info available)
V  [jvm.dll+0x877933]  (no source info available)
V  [jvm.dll+0x27fd76]  (no source info available)
V  [jvm.dll+0xc3d0f]  (no source info available)
V  [jvm.dll+0xc3f6b]  (no source info available)
V  [jvm.dll+0x3bb10c]  (no source info available)
V  [jvm.dll+0x387b6b]  (no source info available)
V  [jvm.dll+0x386fda]  (no source info available)
V  [jvm.dll+0x247918]  (no source info available)
V  [jvm.dll+0x246fbf]  (no source info available)
V  [jvm.dll+0x1c4e90]  (no source info available)
V  [jvm.dll+0x2569fe]  (no source info available)
V  [jvm.dll+0x254cba]  (no source info available)
V  [jvm.dll+0x3f5336]  (no source info available)
V  [jvm.dll+0x81d44b]  (no source info available)
V  [jvm.dll+0x6e0915]  (no source info available)
C  [ucrtbase.dll+0x29333]  (no source info available)
C  [KERNEL32.DLL+0x1257d]  (no source info available)
C  [ntdll.dll+0x5af28]  (no source info available)


---------------  P R O C E S S  ---------------

Threads class SMR info:
_java_thread_list=0x0000025676ad4b90, length=17, elements={
0x000002560e23d2e0, 0x000002562f15e2b0, 0x000002562f15f270, 0x000002562f163020,
0x000002562f164b80, 0x000002562f1656d0, 0x000002562f1663d0, 0x000002562f16e4a0,
0x000002562f174120, 0x000002562f3dfb70, 0x000002562f3e2a00, 0x000002562f574070,
0x000002562f5fe680, 0x00000256778a3ef0, 0x0000025675fc8360, 0x0000025675540270,
0x000002562f1725e0
}

Java Threads: ( => current thread )
  0x000002560e23d2e0 JavaThread "main"                              [_thread_in_Java, id=33316, stack(0x0000005a11800000,0x0000005a11900000) (1024K)]
  0x000002562f15e2b0 JavaThread "Reference Handler"          daemon [_thread_blocked, id=2792, stack(0x0000005a12100000,0x0000005a12200000) (1024K)]
  0x000002562f15f270 JavaThread "Finalizer"                  daemon [_thread_blocked, id=11464, stack(0x0000005a12200000,0x0000005a12300000) (1024K)]
  0x000002562f163020 JavaThread "Signal Dispatcher"          daemon [_thread_blocked, id=27920, stack(0x0000005a12300000,0x0000005a12400000) (1024K)]
  0x000002562f164b80 JavaThread "Attach Listener"            daemon [_thread_blocked, id=35324, stack(0x0000005a12400000,0x0000005a12500000) (1024K)]
  0x000002562f1656d0 JavaThread "Service Thread"             daemon [_thread_blocked, id=33528, stack(0x0000005a12500000,0x0000005a12600000) (1024K)]
  0x000002562f1663d0 JavaThread "Monitor Deflation Thread"   daemon [_thread_blocked, id=33416, stack(0x0000005a12600000,0x0000005a12700000) (1024K)]
  0x000002562f16e4a0 JavaThread "C2 CompilerThread0"         daemon [_thread_in_native, id=13088, stack(0x0000005a12700000,0x0000005a12800000) (1024K)]
  0x000002562f174120 JavaThread "C1 CompilerThread0"         daemon [_thread_blocked, id=12132, stack(0x0000005a12800000,0x0000005a12900000) (1024K)]
  0x000002562f3dfb70 JavaThread "Notification Thread"        daemon [_thread_blocked, id=29612, stack(0x0000005a12900000,0x0000005a12a00000) (1024K)]
  0x000002562f3e2a00 JavaThread "Common-Cleaner"             daemon [_thread_blocked, id=4772, stack(0x0000005a12a00000,0x0000005a12b00000) (1024K)]
  0x000002562f574070 JavaThread "surefire-forkedjvm-stream-flusher" daemon [_thread_blocked, id=27064, stack(0x0000005a12b00000,0x0000005a12c00000) (1024K)]
  0x000002562f5fe680 JavaThread "surefire-forkedjvm-command-thread" daemon [_thread_in_native, id=12328, stack(0x0000005a12c00000,0x0000005a12d00000) (1024K)]
  0x00000256778a3ef0 JavaThread "mysql-cj-abandoned-connection-cleanup" daemon [_thread_blocked, id=32060, stack(0x0000005a13500000,0x0000005a13600000) (1024K)]
  0x0000025675fc8360 JavaThread "HikariPool-1 housekeeper"   daemon [_thread_blocked, id=2760, stack(0x0000005a13900000,0x0000005a13a00000) (1024K)]
  0x0000025675540270 JavaThread "HikariPool-1 connection adder" daemon [_thread_blocked, id=35988, stack(0x0000005a13800000,0x0000005a13900000) (1024K)]
=>0x000002562f1725e0 JavaThread "C2 CompilerThread1"         daemon [_thread_in_native, id=28968, stack(0x0000005a13700000,0x0000005a13800000) (1024K)]
Total: 17

Other Threads:
  0x000002562f143540 VMThread "VM Thread"                           [id=34528, stack(0x0000005a11f00000,0x0000005a12000000) (1024K)]
  0x000002562f12b180 WatcherThread "VM Periodic Task Thread"        [id=32400, stack(0x0000005a11e00000,0x0000005a11f00000) (1024K)]
  0x000002560e45cd30 WorkerThread "GC Thread#0"                     [id=6652, stack(0x0000005a11900000,0x0000005a11a00000) (1024K)]
  0x00000256753ec910 WorkerThread "GC Thread#1"                     [id=34880, stack(0x0000005a12d00000,0x0000005a12e00000) (1024K)]
  0x00000256753e57f0 WorkerThread "GC Thread#2"                     [id=2040, stack(0x0000005a12e00000,0x0000005a12f00000) (1024K)]
  0x00000256753e5ba0 WorkerThread "GC Thread#3"                     [id=29852, stack(0x0000005a12f00000,0x0000005a13000000) (1024K)]
  0x0000025675247f10 WorkerThread "GC Thread#4"                     [id=29980, stack(0x0000005a13000000,0x0000005a13100000) (1024K)]
  0x00000256751af8c0 WorkerThread "GC Thread#5"                     [id=36660, stack(0x0000005a13100000,0x0000005a13200000) (1024K)]
  0x000002562fe73c10 WorkerThread "GC Thread#6"                     [id=26872, stack(0x0000005a13200000,0x0000005a13300000) (1024K)]
  0x000002562fe73fc0 WorkerThread "GC Thread#7"                     [id=27024, stack(0x0000005a13300000,0x0000005a13400000) (1024K)]
  0x000002560e46db80 ConcurrentGCThread "G1 Main Marker"            [id=34784, stack(0x0000005a11a00000,0x0000005a11b00000) (1024K)]
  0x000002560e46e690 WorkerThread "G1 Conc#0"                       [id=22748, stack(0x0000005a11b00000,0x0000005a11c00000) (1024K)]
  0x000002567517a4f0 WorkerThread "G1 Conc#1"                       [id=35188, stack(0x0000005a13600000,0x0000005a13700000) (1024K)]
  0x000002562eff92e0 ConcurrentGCThread "G1 Refine#0"               [id=30968, stack(0x0000005a11c00000,0x0000005a11d00000) (1024K)]
  0x000002562eff9cc0 ConcurrentGCThread "G1 Service"                [id=2140, stack(0x0000005a11d00000,0x0000005a11e00000) (1024K)]
Total: 15

Threads with active compile tasks:
C2 CompilerThread0  17583 5233       4       org.springframework.core.annotation.AnnotationsScanner::getDeclaredAnnotations (166 bytes)
C2 CompilerThread1  17583 5201       4       jdk.internal.org.objectweb.asm.MethodWriter::computeAllFrames (510 bytes)
Total: 2

VM state: not at safepoint (normal execution)

VM Mutex/Monitor currently owned by a thread: None

Heap address: 0x0000000709a00000, size: 3942 MB, Compressed Oops mode: Zero based, Oop shift amount: 3

CDS archive(s) mapped at: [0x0000025630000000-0x0000025630c50000-0x0000025630c50000), size 12910592, SharedBaseAddress: 0x0000025630000000, ArchiveRelocationMode: 1.
Compressed class space mapped at: 0x0000025631000000-0x0000025671000000, reserved size: 1073741824
Narrow klass base: 0x0000025630000000, Narrow klass shift: 0, Narrow klass range: 0x41000000

GC Precious Log:
 CardTable entry size: 512
 Card Set container configuration: InlinePtr #cards 4 size 8 Array Of Cards #cards 16 size 48 Howl #buckets 8 coarsen threshold 3686 Howl Bitmap #cards 512 size 80 coarsen threshold 460 Card regions per heap region 1 cards per card region 4096
 CPUs: 8 total, 8 available
 Memory: 15761M
 Large Page Support: Disabled
 NUMA Support: Disabled
 Compressed Oops: Enabled (Zero based)
 Heap Region Size: 2M
 Heap Min Capacity: 8M
 Heap Initial Capacity: 248M
 Heap Max Capacity: 3942M
 Pre-touch: Disabled
 Parallel Workers: 8
 Concurrent Workers: 2
 Concurrent Refinement Workers: 8
 Periodic GC: Disabled

Heap:
 garbage-first heap   total reserved 4036608K, committed 57344K, used 45704K [0x0000000709a00000, 0x0000000800000000)
  region size 2048K, 13 young (26624K), 1 survivors (2048K)
 Metaspace       used 58764K, committed 59328K, reserved 1114112K
  class space    used 8065K, committed 8320K, reserved 1048576K

Heap Regions: E=young(eden), S=young(survivor), O=old, HS=humongous(starts), HC=humongous(continues), CS=collection set, F=free, TAMS=top-at-mark-start, PB=parsable bottom
|   0|0x0000000709a00000, 0x0000000709c00000, 0x0000000709c00000|100%| O|  |TAMS 0x0000000709a00000| PB 0x0000000709a00000| Untracked |  0
|   1|0x0000000709c00000, 0x0000000709e00000, 0x0000000709e00000|100%| O|  |TAMS 0x0000000709c00000| PB 0x0000000709c00000| Untracked |  0
|   2|0x0000000709e00000, 0x000000070a000000, 0x000000070a000000|100%| O|  |TAMS 0x0000000709e00000| PB 0x0000000709e00000| Untracked |  0
|   3|0x000000070a000000, 0x000000070a200000, 0x000000070a200000|100%| O|  |TAMS 0x000000070a000000| PB 0x000000070a000000| Untracked |  0
|   4|0x000000070a200000, 0x000000070a400000, 0x000000070a400000|100%| O|  |TAMS 0x000000070a200000| PB 0x000000070a200000| Untracked |  0
|   5|0x000000070a400000, 0x000000070a600000, 0x000000070a600000|100%| O|  |TAMS 0x000000070a400000| PB 0x000000070a400000| Untracked |  0
|   6|0x000000070a600000, 0x000000070a800000, 0x000000070a800000|100%| O|  |TAMS 0x000000070a600000| PB 0x000000070a600000| Untracked |  0
|   7|0x000000070a800000, 0x000000070aa00000, 0x000000070aa00000|100%| O|  |TAMS 0x000000070a800000| PB 0x000000070a800000| Untracked |  0
|   8|0x000000070aa00000, 0x000000070ac00000, 0x000000070ac00000|100%| O|  |TAMS 0x000000070aa00000| PB 0x000000070aa00000| Untracked |  0
|   9|0x000000070ac00000, 0x000000070ae00000, 0x000000070ae00000|100%| O|  |TAMS 0x000000070ac00000| PB 0x000000070ac00000| Untracked |  0
|  10|0x000000070ae00000, 0x000000070aeee620, 0x000000070b000000| 46%| O|  |TAMS 0x000000070ae00000| PB 0x000000070ae00000| Untracked |  0
|  11|0x000000070b000000, 0x000000070b000000, 0x000000070b200000|  0%| F|  |TAMS 0x000000070b000000| PB 0x000000070b000000| Untracked |  0
|  12|0x000000070b200000, 0x000000070b200000, 0x000000070b400000|  0%| F|  |TAMS 0x000000070b200000| PB 0x000000070b200000| Untracked |  0
|  13|0x000000070b400000, 0x000000070b400000, 0x000000070b600000|  0%| F|  |TAMS 0x000000070b400000| PB 0x000000070b400000| Untracked |  0
|  14|0x000000070b600000, 0x000000070b7b3cf8, 0x000000070b800000| 85%| S|CS|TAMS 0x000000070b600000| PB 0x000000070b600000| Complete |  0
|  15|0x000000070b800000, 0x000000070b800000, 0x000000070ba00000|  0%| F|  |TAMS 0x000000070b800000| PB 0x000000070b800000| Untracked |  0
|  16|0x000000070ba00000, 0x000000070bc00000, 0x000000070bc00000|100%| E|  |TAMS 0x000000070ba00000| PB 0x000000070ba00000| Complete |  0
|  17|0x000000070bc00000, 0x000000070be00000, 0x000000070be00000|100%| E|CS|TAMS 0x000000070bc00000| PB 0x000000070bc00000| Complete |  0
|  18|0x000000070be00000, 0x000000070c000000, 0x000000070c000000|100%| E|CS|TAMS 0x000000070be00000| PB 0x000000070be00000| Complete |  0
|  19|0x000000070c000000, 0x000000070c200000, 0x000000070c200000|100%| E|CS|TAMS 0x000000070c000000| PB 0x000000070c000000| Complete |  0
|  20|0x000000070c200000, 0x000000070c400000, 0x000000070c400000|100%| E|CS|TAMS 0x000000070c200000| PB 0x000000070c200000| Complete |  0
|  21|0x000000070c400000, 0x000000070c600000, 0x000000070c600000|100%| E|CS|TAMS 0x000000070c400000| PB 0x000000070c400000| Complete |  0
|  22|0x000000070c600000, 0x000000070c800000, 0x000000070c800000|100%| E|CS|TAMS 0x000000070c600000| PB 0x000000070c600000| Complete |  0
|  23|0x000000070c800000, 0x000000070ca00000, 0x000000070ca00000|100%| E|CS|TAMS 0x000000070c800000| PB 0x000000070c800000| Complete |  0
| 103|0x0000000716800000, 0x0000000716a00000, 0x0000000716a00000|100%| E|CS|TAMS 0x0000000716800000| PB 0x0000000716800000| Complete |  0
| 104|0x0000000716a00000, 0x0000000716c00000, 0x0000000716c00000|100%| E|CS|TAMS 0x0000000716a00000| PB 0x0000000716a00000| Complete |  0
| 105|0x0000000716c00000, 0x0000000716e00000, 0x0000000716e00000|100%| E|CS|TAMS 0x0000000716c00000| PB 0x0000000716c00000| Complete |  0
| 123|0x0000000719000000, 0x0000000719200000, 0x0000000719200000|100%| E|CS|TAMS 0x0000000719000000| PB 0x0000000719000000| Complete |  0

Card table byte_map: [0x0000025628140000,0x0000025628900000] _byte_map_base: 0x00000256248f3000

Marking Bits: (CMBitMap*) 0x000002560e45dc50
 Bits: [0x0000025628900000, 0x000002562c698000)

Polling page: 0x000002560e4c0000

Metaspace:

Usage:
  Non-class:     49.52 MB used.
      Class:      7.88 MB used.
       Both:     57.40 MB used.

Virtual space:
  Non-class space:       64.00 MB reserved,      49.88 MB ( 78%) committed,  1 nodes.
      Class space:        1.00 GB reserved,       8.12 MB ( <1%) committed,  1 nodes.
             Both:        1.06 GB reserved,      58.00 MB (  5%) committed. 

Chunk freelists:
   Non-Class:  13.42 MB
       Class:  7.77 MB
        Both:  21.19 MB

MaxMetaspaceSize: unlimited
CompressedClassSpaceSize: 1.00 GB
Initial GC threshold: 21.00 MB
Current GC threshold: 59.06 MB
CDS: on
 - commit_granule_bytes: 65536.
 - commit_granule_words: 8192.
 - virtual_space_node_default_size: 8388608.
 - enlarge_chunks_in_place: 1.
 - use_allocation_guard: 0.


Internal statistics:

num_allocs_failed_limit: 6.
num_arena_births: 706.
num_arena_deaths: 0.
num_vsnodes_births: 2.
num_vsnodes_deaths: 0.
num_space_committed: 928.
num_space_uncommitted: 0.
num_chunks_returned_to_freelist: 6.
num_chunks_taken_from_freelist: 2697.
num_chunk_merges: 6.
num_chunk_splits: 1922.
num_chunks_enlarged: 1487.
num_inconsistent_stats: 0.

CodeHeap 'non-profiled nmethods': size=120000Kb used=2908Kb max_used=2908Kb free=117091Kb
 bounds [0x000002561f9f0000, 0x000002561fcd0000, 0x0000025626f20000]
CodeHeap 'profiled nmethods': size=120000Kb used=9834Kb max_used=9834Kb free=110165Kb
 bounds [0x0000025617f20000, 0x00000256188c0000, 0x000002561f450000]
CodeHeap 'non-nmethods': size=5760Kb used=1905Kb max_used=1934Kb free=3854Kb
 bounds [0x000002561f450000, 0x000002561f6c0000, 0x000002561f9f0000]
 total_blobs=5590 nmethods=4870 adapters=623
 compilation: enabled
              stopped_count=0, restarted_count=0
 full_count=0

Compilation events (20 events):
Event: 17.431 Thread 0x000002562f174120 5212       3       org.springframework.boot.test.mock.mockito.MockitoPostProcessor::lambda$postProcessProperties$0 (7 bytes)
Event: 17.431 Thread 0x000002562f174120 nmethod 5212 0x00000256188aee10 code [0x00000256188aefc0, 0x00000256188af0f8]
Event: 17.431 Thread 0x000002562f174120 5213       3       org.springframework.boot.test.mock.mockito.MockitoPostProcessor::postProcessField (29 bytes)
Event: 17.431 Thread 0x000002562f174120 nmethod 5213 0x00000256188af190 code [0x00000256188af3c0, 0x00000256188afba0]
Event: 17.432 Thread 0x000002562f174120 5215       3       org.springframework.util.ClassUtils::isOverridable (50 bytes)
Event: 17.433 Thread 0x000002562f174120 nmethod 5215 0x00000256188afe10 code [0x00000256188b0080, 0x00000256188b08e8]
Event: 17.433 Thread 0x000002562f174120 5216       3       org.springframework.core.MethodClassKey::equals (51 bytes)
Event: 17.434 Thread 0x000002562f174120 nmethod 5216 0x00000256188b0c10 code [0x00000256188b0de0, 0x00000256188b1218]
Event: 17.436 Thread 0x000002562f174120 5218       3       java.lang.Throwable::<init> (48 bytes)
Event: 17.436 Thread 0x000002562f174120 nmethod 5218 0x00000256188b1390 code [0x00000256188b1560, 0x00000256188b19e0]
Event: 17.437 Thread 0x000002562f174120 5219       3       java.util.Spliterators$ArraySpliterator::forEachRemaining (68 bytes)
Event: 17.437 Thread 0x000002562f174120 nmethod 5219 0x00000256188b1b10 code [0x00000256188b1ce0, 0x00000256188b2148]
Event: 17.437 Thread 0x000002562f174120 5220       3       java.util.Spliterators::spliterator (25 bytes)
Event: 17.437 Thread 0x000002562f174120 nmethod 5220 0x00000256188b2310 code [0x00000256188b24e0, 0x00000256188b2838]
Event: 17.437 Thread 0x000002562f174120 5221       3       java.util.Spliterators::checkFromToBounds (74 bytes)
Event: 17.438 Thread 0x000002562f174120 nmethod 5221 0x00000256188b2990 code [0x00000256188b2c40, 0x00000256188b3638]
Event: 17.440 Thread 0x000002562f174120 5223   !   3       java.util.concurrent.ConcurrentHashMap::putVal (432 bytes)
Event: 17.442 Thread 0x000002562f174120 nmethod 5223 0x00000256188b3a90 code [0x00000256188b3e00, 0x00000256188b5828]
Event: 17.442 Thread 0x000002562f174120 5225       3       org.springframework.beans.factory.config.BeanPostProcessor::postProcessAfterInitialization (2 bytes)
Event: 17.443 Thread 0x000002562f174120 nmethod 5225 0x00000256188b6190 code [0x00000256188b6320, 0x00000256188b6430]

GC Heap History (18 events):
Event: 2.446 GC heap before
{Heap before GC invocations=0 (full 0):
 garbage-first heap   total reserved 4036608K, committed 253952K, used 22528K [0x0000000709a00000, 0x0000000800000000)
  region size 2048K, 12 young (24576K), 0 survivors (0K)
 Metaspace       used 4975K, committed 5120K, reserved 1114112K
  class space    used 579K, committed 640K, reserved 1048576K
}
Event: 2.454 GC heap after
{Heap after GC invocations=1 (full 0):
 garbage-first heap   total reserved 4036608K, committed 253952K, used 7916K [0x0000000709a00000, 0x0000000800000000)
  region size 2048K, 2 young (4096K), 2 survivors (4096K)
 Metaspace       used 4975K, committed 5120K, reserved 1114112K
  class space    used 579K, committed 640K, reserved 1048576K
}
Event: 4.408 GC heap before
{Heap before GC invocations=1 (full 0):
 garbage-first heap   total reserved 4036608K, committed 253952K, used 34540K [0x0000000709a00000, 0x0000000800000000)
  region size 2048K, 15 young (30720K), 2 survivors (4096K)
 Metaspace       used 12245K, committed 12480K, reserved 1114112K
  class space    used 1582K, committed 1728K, reserved 1048576K
}
Event: 4.415 GC heap after
{Heap after GC invocations=2 (full 0):
 garbage-first heap   total reserved 4036608K, committed 253952K, used 10097K [0x0000000709a00000, 0x0000000800000000)
  region size 2048K, 2 young (4096K), 2 survivors (4096K)
 Metaspace       used 12245K, committed 12480K, reserved 1114112K
  class space    used 1582K, committed 1728K, reserved 1048576K
}
Event: 5.929 GC heap before
{Heap before GC invocations=2 (full 0):
 garbage-first heap   total reserved 4036608K, committed 253952K, used 40817K [0x0000000709a00000, 0x0000000800000000)
  region size 2048K, 18 young (36864K), 2 survivors (4096K)
 Metaspace       used 21273K, committed 21504K, reserved 1114112K
  class space    used 2720K, committed 2816K, reserved 1048576K
}
Event: 5.937 GC heap after
{Heap after GC invocations=3 (full 0):
 garbage-first heap   total reserved 4036608K, committed 253952K, used 11902K [0x0000000709a00000, 0x0000000800000000)
  region size 2048K, 3 young (6144K), 3 survivors (6144K)
 Metaspace       used 21273K, committed 21504K, reserved 1114112K
  class space    used 2720K, committed 2816K, reserved 1048576K
}
Event: 7.439 GC heap before
{Heap before GC invocations=4 (full 0):
 garbage-first heap   total reserved 4036608K, committed 49152K, used 46718K [0x0000000709a00000, 0x0000000800000000)
  region size 2048K, 20 young (40960K), 3 survivors (6144K)
 Metaspace       used 25696K, committed 25984K, reserved 1114112K
  class space    used 3287K, committed 3392K, reserved 1048576K
}
Event: 7.453 GC heap after
{Heap after GC invocations=5 (full 0):
 garbage-first heap   total reserved 4036608K, committed 57344K, used 15156K [0x0000000709a00000, 0x0000000800000000)
  region size 2048K, 4 young (8192K), 4 survivors (8192K)
 Metaspace       used 25696K, committed 25984K, reserved 1114112K
  class space    used 3287K, committed 3392K, reserved 1048576K
}
Event: 8.745 GC heap before
{Heap before GC invocations=5 (full 0):
 garbage-first heap   total reserved 4036608K, committed 57344K, used 39732K [0x0000000709a00000, 0x0000000800000000)
  region size 2048K, 16 young (32768K), 4 survivors (8192K)
 Metaspace       used 29128K, committed 29568K, reserved 1114112K
  class space    used 3820K, committed 4032K, reserved 1048576K
}
Event: 8.769 GC heap after
{Heap after GC invocations=6 (full 0):
 garbage-first heap   total reserved 4036608K, committed 57344K, used 17387K [0x0000000709a00000, 0x0000000800000000)
  region size 2048K, 2 young (4096K), 2 survivors (4096K)
 Metaspace       used 29128K, committed 29568K, reserved 1114112K
  class space    used 3820K, committed 4032K, reserved 1048576K
}
Event: 10.225 GC heap before
{Heap before GC invocations=6 (full 0):
 garbage-first heap   total reserved 4036608K, committed 57344K, used 41963K [0x0000000709a00000, 0x0000000800000000)
  region size 2048K, 14 young (28672K), 2 survivors (4096K)
 Metaspace       used 34313K, committed 34816K, reserved 1114112K
  class space    used 4590K, committed 4800K, reserved 1048576K
}
Event: 10.235 GC heap after
{Heap after GC invocations=7 (full 0):
 garbage-first heap   total reserved 4036608K, committed 57344K, used 17982K [0x0000000709a00000, 0x0000000800000000)
  region size 2048K, 2 young (4096K), 2 survivors (4096K)
 Metaspace       used 34313K, committed 34816K, reserved 1114112K
  class space    used 4590K, committed 4800K, reserved 1048576K
}
Event: 10.745 GC heap before
{Heap before GC invocations=7 (full 0):
 garbage-first heap   total reserved 4036608K, committed 57344K, used 24126K [0x0000000709a00000, 0x0000000800000000)
  region size 2048K, 6 young (12288K), 2 survivors (4096K)
 Metaspace       used 35710K, committed 36160K, reserved 1114112K
  class space    used 4850K, committed 5056K, reserved 1048576K
}
Event: 10.755 GC heap after
{Heap after GC invocations=8 (full 0):
 garbage-first heap   total reserved 4036608K, committed 57344K, used 18703K [0x0000000709a00000, 0x0000000800000000)
  region size 2048K, 1 young (2048K), 1 survivors (2048K)
 Metaspace       used 35710K, committed 36160K, reserved 1114112K
  class space    used 4850K, committed 5056K, reserved 1048576K
}
Event: 13.685 GC heap before
{Heap before GC invocations=9 (full 0):
 garbage-first heap   total reserved 4036608K, committed 57344K, used 45327K [0x0000000709a00000, 0x0000000800000000)
  region size 2048K, 14 young (28672K), 1 survivors (2048K)
 Metaspace       used 45978K, committed 46528K, reserved 1114112K
  class space    used 6156K, committed 6400K, reserved 1048576K
}
Event: 13.697 GC heap after
{Heap after GC invocations=10 (full 0):
 garbage-first heap   total reserved 4036608K, committed 57344K, used 21268K [0x0000000709a00000, 0x0000000800000000)
  region size 2048K, 2 young (4096K), 2 survivors (4096K)
 Metaspace       used 45978K, committed 46528K, reserved 1114112K
  class space    used 6156K, committed 6400K, reserved 1048576K
}
Event: 15.504 GC heap before
{Heap before GC invocations=10 (full 0):
 garbage-first heap   total reserved 4036608K, committed 57344K, used 45844K [0x0000000709a00000, 0x0000000800000000)
  region size 2048K, 15 young (30720K), 2 survivors (4096K)
 Metaspace       used 53386K, committed 53888K, reserved 1114112K
  class space    used 7247K, committed 7488K, reserved 1048576K
}
Event: 15.521 GC heap after
{Heap after GC invocations=11 (full 0):
 garbage-first heap   total reserved 4036608K, committed 57344K, used 23176K [0x0000000709a00000, 0x0000000800000000)
  region size 2048K, 1 young (2048K), 1 survivors (2048K)
 Metaspace       used 53386K, committed 53888K, reserved 1114112K
  class space    used 7247K, committed 7488K, reserved 1048576K
}

Dll operation events (12 events):
Event: 0.047 Loaded shared library C:\Users\nikitachawla\.jdks\openjdk-22.0.1\bin\java.dll
Event: 0.156 Loaded shared library C:\Users\nikitachawla\.jdks\openjdk-22.0.1\bin\jsvml.dll
Event: 0.219 Loaded shared library C:\Users\nikitachawla\.jdks\openjdk-22.0.1\bin\net.dll
Event: 0.222 Loaded shared library C:\Users\nikitachawla\.jdks\openjdk-22.0.1\bin\nio.dll
Event: 0.228 Loaded shared library C:\Users\nikitachawla\.jdks\openjdk-22.0.1\bin\zip.dll
Event: 0.392 Loaded shared library C:\Users\nikitachawla\.jdks\openjdk-22.0.1\bin\management.dll
Event: 0.404 Loaded shared library C:\Users\nikitachawla\.jdks\openjdk-22.0.1\bin\management_ext.dll
Event: 0.447 Loaded shared library C:\Users\nikitachawla\.jdks\openjdk-22.0.1\bin\jimage.dll
Event: 4.996 Loaded shared library C:\Users\nikitachawla\.jdks\openjdk-22.0.1\bin\le.dll
Event: 6.299 Loaded shared library C:\Users\nikitachawla\.jdks\openjdk-22.0.1\bin\sunmscapi.dll
Event: 10.143 Loaded shared library C:\Users\nikitachawla\.jdks\openjdk-22.0.1\bin\verify.dll
Event: 11.498 Loaded shared library C:\Users\nikitachawla\.jdks\openjdk-22.0.1\bin\extnet.dll

Deoptimization events (20 events):
Event: 17.336 Thread 0x000002560e23d2e0 Uncommon trap: trap_request=0xffffffde fr.pc=0x000002561fbe7320 relative=0x0000000000000280
Event: 17.336 Thread 0x000002560e23d2e0 Uncommon trap: reason=class_check action=maybe_recompile pc=0x000002561fbe7320 method=org.springframework.core.ResolvableType.resolveType()Lorg/springframework/core/ResolvableType; @ 96 c2
Event: 17.336 Thread 0x000002560e23d2e0 DEOPT PACKING pc=0x000002561fbe7320 sp=0x0000005a118f9ee0
Event: 17.336 Thread 0x000002560e23d2e0 DEOPT UNPACKING pc=0x000002561f4a7da2 sp=0x0000005a118f9e78 mode 2
Event: 17.379 Thread 0x000002560e23d2e0 Uncommon trap: trap_request=0xffffff45 fr.pc=0x000002561fc2fb0c relative=0x00000000000001ec
Event: 17.379 Thread 0x000002560e23d2e0 Uncommon trap: reason=unstable_if action=reinterpret pc=0x000002561fc2fb0c method=java.util.ArrayDeque.addLast(Ljava/lang/Object;)V @ 42 c2
Event: 17.379 Thread 0x000002560e23d2e0 DEOPT PACKING pc=0x000002561fc2fb0c sp=0x0000005a118fab50
Event: 17.379 Thread 0x000002560e23d2e0 DEOPT UNPACKING pc=0x000002561f4a7da2 sp=0x0000005a118fab00 mode 2
Event: 17.425 Thread 0x000002560e23d2e0 Uncommon trap: trap_request=0xffffff45 fr.pc=0x000002561fc10074 relative=0x00000000000001d4
Event: 17.425 Thread 0x000002560e23d2e0 Uncommon trap: reason=unstable_if action=reinterpret pc=0x000002561fc10074 method=org.springframework.core.BridgeMethodResolver.isBridgedCandidateFor(Ljava/lang/reflect/Method;Ljava/lang/reflect/Method;)Z @ 29 c2
Event: 17.425 Thread 0x000002560e23d2e0 DEOPT PACKING pc=0x000002561fc10074 sp=0x0000005a118fa7c0
Event: 17.425 Thread 0x000002560e23d2e0 DEOPT UNPACKING pc=0x000002561f4a7da2 sp=0x0000005a118fa678 mode 2
Event: 17.425 Thread 0x000002560e23d2e0 Uncommon trap: trap_request=0xffffff45 fr.pc=0x000002561fc10650 relative=0x00000000000001b0
Event: 17.425 Thread 0x000002560e23d2e0 Uncommon trap: reason=unstable_if action=reinterpret pc=0x000002561fc10650 method=org.springframework.core.BridgeMethodResolver.isBridgedCandidateFor(Ljava/lang/reflect/Method;Ljava/lang/reflect/Method;)Z @ 29 c2
Event: 17.425 Thread 0x000002560e23d2e0 DEOPT PACKING pc=0x000002561fc10650 sp=0x0000005a118fa5c0
Event: 17.425 Thread 0x000002560e23d2e0 DEOPT UNPACKING pc=0x000002561f4a7da2 sp=0x0000005a118fa558 mode 2
Event: 17.433 Thread 0x000002560e23d2e0 Uncommon trap: trap_request=0xffffff45 fr.pc=0x000002561fc21830 relative=0x0000000000000f10
Event: 17.433 Thread 0x000002560e23d2e0 Uncommon trap: reason=unstable_if action=reinterpret pc=0x000002561fc21830 method=java.util.concurrent.ConcurrentHashMap.putVal(Ljava/lang/Object;Ljava/lang/Object;Z)Ljava/lang/Object; @ 401 c2
Event: 17.433 Thread 0x000002560e23d2e0 DEOPT PACKING pc=0x000002561fc21830 sp=0x0000005a118fa6c0
Event: 17.433 Thread 0x000002560e23d2e0 DEOPT UNPACKING pc=0x000002561f4a7da2 sp=0x0000005a118fa660 mode 2

Classes loaded (20 events):
Event: 15.705 Loading class java/util/AbstractList$SubList
Event: 15.706 Loading class java/util/AbstractList$SubList done
Event: 15.745 Loading class java/lang/reflect/AnnotatedArrayType
Event: 15.745 Loading class java/lang/reflect/AnnotatedArrayType done
Event: 16.910 Loading class java/util/stream/ReduceOps$5
Event: 16.910 Loading class java/util/stream/ReduceOps$5 done
Event: 16.910 Loading class java/util/stream/ReduceOps$CountingSink$OfRef
Event: 16.910 Loading class java/util/stream/ReduceOps$CountingSink
Event: 16.911 Loading class java/util/stream/ReduceOps$CountingSink done
Event: 16.911 Loading class java/util/stream/ReduceOps$CountingSink$OfRef done
Event: 17.260 Loading class javax/naming/Reference
Event: 17.260 Loading class javax/naming/Reference done
Event: 17.330 Loading class java/lang/SafeVarargs
Event: 17.331 Loading class java/lang/SafeVarargs done
Event: 17.333 Loading class sun/reflect/generics/reflectiveObjects/GenericArrayTypeImpl
Event: 17.333 Loading class sun/reflect/generics/reflectiveObjects/GenericArrayTypeImpl done
Event: 17.433 Loading class java/util/concurrent/ConcurrentHashMap$TreeNode
Event: 17.434 Loading class java/util/concurrent/ConcurrentHashMap$TreeNode done
Event: 17.435 Loading class java/util/concurrent/ConcurrentHashMap$TreeBin
Event: 17.435 Loading class java/util/concurrent/ConcurrentHashMap$TreeBin done

Classes unloaded (0 events):
No events

Classes redefined (0 events):
No events

Internal exceptions (20 events):
Event: 14.604 Thread 0x000002560e23d2e0 Exception <a 'java/lang/NoSuchMethodError'{0x000000070c2700c0}: 'java.lang.Object java.lang.invoke.DirectMethodHandle$Holder.invokeStaticInit(java.lang.Object, java.lang.Object, int, java.lang.Object)'> (0x000000070c2700c0) 
thrown [s\open\src\hotspot\share\interpreter\linkResolver.cpp, line 774]
Event: 16.139 Thread 0x000002560e23d2e0 Exception <a 'java/lang/NoSuchMethodError'{0x00000007169a6ec8}: 'void java.lang.invoke.DirectMethodHandle$Holder.invokeStatic(java.lang.Object, java.lang.Object, java.lang.Object, int, java.lang.Object)'> (0x00000007169a6ec8) 
thrown [s\open\src\hotspot\share\interpreter\linkResolver.cpp, line 774]
Event: 16.142 Thread 0x000002560e23d2e0 Exception <a 'java/lang/NoSuchMethodError'{0x00000007169b3f20}: 'void java.lang.invoke.DirectMethodHandle$Holder.invokeInterface(java.lang.Object, java.lang.Object, int, java.lang.Object)'> (0x00000007169b3f20) 
thrown [s\open\src\hotspot\share\interpreter\linkResolver.cpp, line 774]
Event: 16.152 Thread 0x000002560e23d2e0 Exception <a 'java/lang/NoSuchMethodError'{0x00000007169da990}: 'java.lang.Object java.lang.invoke.DirectMethodHandle$Holder.newInvokeSpecial(java.lang.Object, java.lang.Object, int, java.lang.Object)'> (0x00000007169da990) 
thrown [s\open\src\hotspot\share\interpreter\linkResolver.cpp, line 774]
Event: 16.152 Thread 0x000002560e23d2e0 Exception <a 'java/lang/NoSuchMethodError'{0x00000007169deb10}: 'java.lang.Object java.lang.invoke.Invokers$Holder.linkToTargetMethod(java.lang.Object, int, java.lang.Object, java.lang.Object)'> (0x00000007169deb10) 
thrown [s\open\src\hotspot\share\interpreter\linkResolver.cpp, line 774]
Event: 16.232 Thread 0x000002560e23d2e0 Exception <a 'java/lang/NoSuchMethodError'{0x000000070c8c6a50}: 'void java.lang.invoke.DirectMethodHandle$Holder.invokeSpecial(java.lang.Object, java.lang.Object, java.lang.Object, java.lang.Object, java.lang.Object, java.lang.Object, java.lang.Object, java.lang.Object)'> (0x000000070c8c6a50) 
thrown [s\open\src\hotspot\share\interpreter\linkResolver.cpp, line 774]
Event: 16.290 Thread 0x000002560e23d2e0 Exception <a 'java/lang/NoSuchMethodError'{0x000000070c903d80}: 'void java.lang.invoke.DirectMethodHandle$Holder.invokeSpecial(java.lang.Object, java.lang.Object, int, java.lang.Object)'> (0x000000070c903d80) 
thrown [s\open\src\hotspot\share\interpreter\linkResolver.cpp, line 774]
Event: 16.290 Thread 0x000002560e23d2e0 Exception <a 'java/lang/NoSuchMethodError'{0x000000070c90a410}: 'java.lang.Object java.lang.invoke.DirectMethodHandle$Holder.newInvokeSpecial(java.lang.Object, java.lang.Object, int)'> (0x000000070c90a410) 
thrown [s\open\src\hotspot\share\interpreter\linkResolver.cpp, line 774]
Event: 16.377 Thread 0x000002560e23d2e0 Exception <a 'java/lang/NoSuchMethodError'{0x000000070c672f48}: 'int java.lang.invoke.DirectMethodHandle$Holder.invokeStatic(java.lang.Object, int, java.lang.Object)'> (0x000000070c672f48) 
thrown [s\open\src\hotspot\share\interpreter\linkResolver.cpp, line 774]
Event: 16.381 Thread 0x000002560e23d2e0 Exception <a 'java/lang/NoSuchMethodError'{0x000000070c692c00}: 'java.lang.Object java.lang.invoke.DirectMethodHandle$Holder.newInvokeSpecial(java.lang.Object, java.lang.Object, java.lang.Object, java.lang.Object, java.lang.Object, int, java.lang.Object)'> (0x000000070c692c00) 
thrown [s\open\src\hotspot\share\interpreter\linkResolver.cpp, line 774]
Event: 16.387 Thread 0x000002560e23d2e0 Exception <a 'java/lang/NoSuchMethodError'{0x000000070c6c6530}: 'java.lang.Object java.lang.invoke.DirectMethodHandle$Holder.newInvokeSpecial(java.lang.Object, java.lang.Object, java.lang.Object, java.lang.Object, java.lang.Object, java.lang.Object, java.lang.Object, java.lang.Object, java.lang.Object, java.lang.Object, java.lang.Object, java.lang.Object)'> (0x000000070c6c6530) 
thrown [s\open\src\hotspot\share\interpreter\linkResolver.cpp, line 774]
Event: 16.387 Thread 0x000002560e23d2e0 Exception <a 'java/lang/NoSuchMethodError'{0x000000070c6cb5e8}: 'java.lang.Object java.lang.invoke.DirectMethodHandle$Holder.invokeSpecial(java.lang.Object, java.lang.Object, java.lang.Object, java.lang.Object, java.lang.Object, java.lang.Object, java.lang.Object, java.lang.Object, java.lang.Object, java.lang.Object, java.lang.Object, java.lang.Object, java.lang.Object)'> (0x000000070c6cb5e8) 
thrown [s\open\src\hotspot\share\interpreter\linkResolver.cpp, line 774]
Event: 16.387 Thread 0x000002560e23d2e0 Exception <a 'java/lang/NoSuchMethodError'{0x000000070c6d0288}: 'java.lang.Object java.lang.invoke.Invokers$Holder.linkToTargetMethod(java.lang.Object, java.lang.Object, java.lang.Object, java.lang.Object, java.lang.Object, java.lang.Object, java.lang.Object, java.lang.Object, java.lang.Object, java.lang.Object, java.lang.Object, java.lang.Object)'> (0x000000070c6d0288) 
thrown [s\open\src\hotspot\share\interpreter\linkResolver.cpp, line 774]
Event: 16.489 Thread 0x000002560e23d2e0 Exception <a 'java/lang/NoSuchMethodError'{0x000000070c4cd620}: 'java.lang.Object java.lang.invoke.DirectMethodHandle$Holder.newInvokeSpecial(java.lang.Object, java.lang.Object, java.lang.Object, java.lang.Object, java.lang.Object, java.lang.Object, java.lang.Object, int)'> (0x000000070c4cd620) 
thrown [s\open\src\hotspot\share\interpreter\linkResolver.cpp, line 774]
Event: 16.490 Thread 0x000002560e23d2e0 Exception <a 'java/lang/NoSuchMethodError'{0x000000070c4d2378}: 'java.lang.Object java.lang.invoke.DirectMethodHandle$Holder.invokeSpecial(java.lang.Object, java.lang.Object, java.lang.Object, java.lang.Object, java.lang.Object, java.lang.Object, java.lang.Object, java.lang.Object, int)'> (0x000000070c4d2378) 
thrown [s\open\src\hotspot\share\interpreter\linkResolver.cpp, line 774]
Event: 16.493 Thread 0x000002560e23d2e0 Exception <a 'java/lang/NoSuchMethodError'{0x000000070c4d6b58}: 'java.lang.Object java.lang.invoke.Invokers$Holder.linkToTargetMethod(java.lang.Object, java.lang.Object, java.lang.Object, java.lang.Object, java.lang.Object, java.lang.Object, int, java.lang.Object)'> (0x000000070c4d6b58) 
thrown [s\open\src\hotspot\share\interpreter\linkResolver.cpp, line 774]
Event: 17.273 Thread 0x000002560e23d2e0 Exception <a 'java/lang/NoSuchMethodError'{0x000000070c16fe30}: 'void java.lang.invoke.Invokers$Holder.invokeExact_MT(java.lang.Object, java.lang.Object, java.lang.Object, java.lang.Object)'> (0x000000070c16fe30) 
thrown [s\open\src\hotspot\share\interpreter\linkResolver.cpp, line 774]
Event: 17.313 Thread 0x000002560e23d2e0 Implicit null exception at 0x000002561fc89ef3 to 0x000002561fc8a164
Event: 17.436 Thread 0x000002560e23d2e0 Exception <a 'java/lang/IncompatibleClassChangeError'{0x000000070bd33620}: Found class java.lang.Object, but interface was expected> (0x000000070bd33620) 
thrown [s\open\src\hotspot\share\interpreter\linkResolver.cpp, line 841]
Event: 17.459 Thread 0x000002560e23d2e0 Exception <a 'java/lang/IncompatibleClassChangeError'{0x000000070bdb6ea0}: Found class java.lang.Object, but interface was expected> (0x000000070bdb6ea0) 
thrown [s\open\src\hotspot\share\interpreter\linkResolver.cpp, line 841]

ZGC Phase Switch (0 events):
No events

VM Operations (20 events):
Event: 12.197 Executing VM operation: HandshakeAllThreads (Deoptimize)
Event: 12.197 Executing VM operation: HandshakeAllThreads (Deoptimize) done
Event: 12.201 Executing VM operation: HandshakeAllThreads (Deoptimize)
Event: 12.201 Executing VM operation: HandshakeAllThreads (Deoptimize) done
Event: 12.696 Executing VM operation: HandshakeAllThreads (Deoptimize)
Event: 12.696 Executing VM operation: HandshakeAllThreads (Deoptimize) done
Event: 13.677 Executing VM operation: G1CollectForAllocation (G1 Evacuation Pause)
Event: 13.697 Executing VM operation: G1CollectForAllocation (G1 Evacuation Pause) done
Event: 14.708 Executing VM operation: Cleanup
Event: 14.708 Executing VM operation: Cleanup done
Event: 15.339 Executing VM operation: HandshakeAllThreads (Deoptimize)
Event: 15.339 Executing VM operation: HandshakeAllThreads (Deoptimize) done
Event: 15.504 Executing VM operation: G1CollectForAllocation (G1 Evacuation Pause)
Event: 15.521 Executing VM operation: G1CollectForAllocation (G1 Evacuation Pause) done
Event: 16.523 Executing VM operation: Cleanup
Event: 16.523 Executing VM operation: Cleanup done
Event: 16.876 Executing VM operation: HandshakeAllThreads (Deoptimize)
Event: 16.876 Executing VM operation: HandshakeAllThreads (Deoptimize) done
Event: 17.291 Executing VM operation: HandshakeAllThreads (Deoptimize)
Event: 17.291 Executing VM operation: HandshakeAllThreads (Deoptimize) done

Events (20 events):
Event: 10.797 Thread 0x000002562f143540 flushing nmethod 0x000002561835d490
Event: 10.797 Thread 0x000002562f143540 flushing nmethod 0x000002561835f290
Event: 10.797 Thread 0x000002562f143540 flushing nmethod 0x000002561835f990
Event: 10.797 Thread 0x000002562f143540 flushing nmethod 0x0000025618360390
Event: 10.797 Thread 0x000002562f143540 flushing nmethod 0x0000025618360790
Event: 10.797 Thread 0x000002562f143540 flushing nmethod 0x0000025618367710
Event: 10.797 Thread 0x000002562f143540 flushing nmethod 0x0000025618367b10
Event: 10.945 Thread 0x000002562f174ec0 Thread added: 0x000002562f174ec0
Event: 11.429 Thread 0x000002562f174ec0 Thread exited: 0x000002562f174ec0
Event: 11.675 Thread 0x000002562f1725e0 Thread added: 0x000002562f1725e0
Event: 12.088 Thread 0x000002562f1725e0 Thread exited: 0x000002562f1725e0
Event: 12.560 Thread 0x000002562f1747f0 Thread added: 0x000002562f1747f0
Event: 12.564 Thread 0x000002562f175590 Thread added: 0x000002562f175590
Event: 12.978 Thread 0x0000025675fc8360 Thread added: 0x0000025675fc8360
Event: 13.096 Thread 0x000002562f175590 Thread exited: 0x000002562f175590
Event: 13.097 Thread 0x0000025675540270 Thread added: 0x0000025675540270
Event: 13.179 Thread 0x000002562f1747f0 Thread exited: 0x000002562f1747f0
Event: 13.539 Thread 0x000002562f173a50 Thread added: 0x000002562f173a50
Event: 14.031 Thread 0x000002562f173a50 Thread exited: 0x000002562f173a50
Event: 17.338 Thread 0x000002562f1725e0 Thread added: 0x000002562f1725e0


Dynamic libraries:
0x00007ff7592c0000 - 0x00007ff7592ce000 	C:\Users\nikitachawla\.jdks\openjdk-22.0.1\bin\java.exe
0x00007ff92e5f0000 - 0x00007ff92e807000 	C:\Windows\SYSTEM32\ntdll.dll
0x00007ff92d0a0000 - 0x00007ff92d164000 	C:\Windows\System32\KERNEL32.DLL
0x00007ff92bf80000 - 0x00007ff92c32c000 	C:\Windows\System32\KERNELBASE.dll
0x00007ff92bc00000 - 0x00007ff92bd11000 	C:\Windows\System32\ucrtbase.dll
0x00007ff9233b0000 - 0x00007ff9233c7000 	C:\Users\nikitachawla\.jdks\openjdk-22.0.1\bin\jli.dll
0x00007ff92ddf0000 - 0x00007ff92df9e000 	C:\Windows\System32\USER32.dll
0x00007ff92bde0000 - 0x00007ff92be06000 	C:\Windows\System32\win32u.dll
0x00007ff92dd10000 - 0x00007ff92dd39000 	C:\Windows\System32\GDI32.dll
0x00007ff92bae0000 - 0x00007ff92bbf9000 	C:\Windows\System32\gdi32full.dll
0x00007ff92b9d0000 - 0x00007ff92ba6a000 	C:\Windows\System32\msvcp_win.dll
0x00007ff922660000 - 0x00007ff92267b000 	C:\Users\nikitachawla\.jdks\openjdk-22.0.1\bin\VCRUNTIME140.dll
0x00007ff9046b0000 - 0x00007ff904943000 	C:\Windows\WinSxS\amd64_microsoft.windows.common-controls_6595b64144ccf1df_6.0.22621.3672_none_2713b9d173822955\COMCTL32.dll
0x00007ff92d380000 - 0x00007ff92d427000 	C:\Windows\System32\msvcrt.dll
0x00007ff92d8b0000 - 0x00007ff92d8e1000 	C:\Windows\System32\IMM32.DLL
0x00007ff9233a0000 - 0x00007ff9233ac000 	C:\Users\nikitachawla\.jdks\openjdk-22.0.1\bin\vcruntime140_1.dll
0x00007ff8f7ac0000 - 0x00007ff8f7b4e000 	C:\Users\nikitachawla\.jdks\openjdk-22.0.1\bin\msvcp140.dll
0x00007ff8de3e0000 - 0x00007ff8df127000 	C:\Users\nikitachawla\.jdks\openjdk-22.0.1\bin\server\jvm.dll
0x00007ff92dfa0000 - 0x00007ff92e052000 	C:\Windows\System32\ADVAPI32.dll
0x00007ff92d170000 - 0x00007ff92d21a000 	C:\Windows\System32\sechost.dll
0x00007ff92b9a0000 - 0x00007ff92b9c8000 	C:\Windows\System32\bcrypt.dll
0x00007ff92e210000 - 0x00007ff92e325000 	C:\Windows\System32\RPCRT4.dll
0x00007ff92ce40000 - 0x00007ff92ceb1000 	C:\Windows\System32\WS2_32.dll
0x00007ff92b7e0000 - 0x00007ff92b82d000 	C:\Windows\SYSTEM32\POWRPROF.dll
0x00007ff922c80000 - 0x00007ff922cb4000 	C:\Windows\SYSTEM32\WINMM.dll
0x00007ff922820000 - 0x00007ff92282a000 	C:\Windows\SYSTEM32\VERSION.dll
0x00007ff92b710000 - 0x00007ff92b723000 	C:\Windows\SYSTEM32\UMPDC.dll
0x00007ff92a820000 - 0x00007ff92a838000 	C:\Windows\SYSTEM32\kernel.appcore.dll
0x00007ff923320000 - 0x00007ff92332a000 	C:\Users\nikitachawla\.jdks\openjdk-22.0.1\bin\jimage.dll
0x00007ff928f20000 - 0x00007ff929152000 	C:\Windows\SYSTEM32\DBGHELP.DLL
0x00007ff92d900000 - 0x00007ff92dc88000 	C:\Windows\System32\combase.dll
0x00007ff92cd60000 - 0x00007ff92ce37000 	C:\Windows\System32\OLEAUT32.dll
0x00007ff9057a0000 - 0x00007ff9057d2000 	C:\Windows\SYSTEM32\dbgcore.DLL
0x00007ff92b920000 - 0x00007ff92b99b000 	C:\Windows\System32\bcryptPrimitives.dll
0x00007ff922620000 - 0x00007ff92263e000 	C:\Users\nikitachawla\.jdks\openjdk-22.0.1\bin\java.dll
0x00007ff92c340000 - 0x00007ff92cb9c000 	C:\Windows\System32\SHELL32.dll
0x00007ff92e060000 - 0x00007ff92e205000 	C:\Windows\System32\ole32.dll
0x00007ff929630000 - 0x00007ff929f27000 	C:\Windows\SYSTEM32\windows.storage.dll
0x00007ff9294f0000 - 0x00007ff92962f000 	C:\Windows\SYSTEM32\wintypes.dll
0x00007ff92e4b0000 - 0x00007ff92e5a4000 	C:\Windows\System32\SHCORE.dll
0x00007ff92e440000 - 0x00007ff92e49e000 	C:\Windows\System32\shlwapi.dll
0x00007ff92b850000 - 0x00007ff92b871000 	C:\Windows\SYSTEM32\profapi.dll
0x00007ff8f7730000 - 0x00007ff8f7807000 	C:\Users\nikitachawla\.jdks\openjdk-22.0.1\bin\jsvml.dll
0x00007ff922780000 - 0x00007ff922790000 	C:\Users\nikitachawla\.jdks\openjdk-22.0.1\bin\net.dll
0x00007ff92adc0000 - 0x00007ff92ae29000 	C:\Windows\system32\mswsock.dll
0x00007ff9219b0000 - 0x00007ff9219c6000 	C:\Users\nikitachawla\.jdks\openjdk-22.0.1\bin\nio.dll
0x00007ff9222d0000 - 0x00007ff9222e7000 	C:\Users\nikitachawla\.jdks\openjdk-22.0.1\bin\zip.dll
0x00007ff905660000 - 0x00007ff90566a000 	C:\Users\nikitachawla\.jdks\openjdk-22.0.1\bin\management.dll
0x00007ff905650000 - 0x00007ff90565b000 	C:\Users\nikitachawla\.jdks\openjdk-22.0.1\bin\management_ext.dll
0x00007ff92e4a0000 - 0x00007ff92e4a8000 	C:\Windows\System32\PSAPI.DLL
0x00007ff8f8150000 - 0x00007ff8f815b000 	C:\Users\nikitachawla\.jdks\openjdk-22.0.1\bin\le.dll
0x00007ff8f9080000 - 0x00007ff8f908e000 	C:\Users\nikitachawla\.jdks\openjdk-22.0.1\bin\sunmscapi.dll
0x00007ff92be10000 - 0x00007ff92bf77000 	C:\Windows\System32\CRYPT32.dll
0x00007ff92b1e0000 - 0x00007ff92b20e000 	C:\Windows\SYSTEM32\ncrypt.dll
0x00007ff92b1a0000 - 0x00007ff92b1d7000 	C:\Windows\SYSTEM32\NTASN1.dll
0x00007ff92b0c0000 - 0x00007ff92b0db000 	C:\Windows\SYSTEM32\CRYPTSP.dll
0x00007ff92a780000 - 0x00007ff92a7b5000 	C:\Windows\system32\rsaenh.dll
0x00007ff92ae60000 - 0x00007ff92ae88000 	C:\Windows\SYSTEM32\USERENV.dll
0x00007ff92b0a0000 - 0x00007ff92b0ac000 	C:\Windows\SYSTEM32\CRYPTBASE.dll
0x00007ff92a050000 - 0x00007ff92a07d000 	C:\Windows\SYSTEM32\IPHLPAPI.DLL
0x00007ff92d8f0000 - 0x00007ff92d8f9000 	C:\Windows\System32\NSI.dll
0x00007ff916a70000 - 0x00007ff916a80000 	C:\Users\nikitachawla\.jdks\openjdk-22.0.1\bin\verify.dll
0x00007ff92a080000 - 0x00007ff92a178000 	C:\Windows\SYSTEM32\DNSAPI.dll
0x00007ff923010000 - 0x00007ff92301a000 	C:\Windows\System32\rasadhlp.dll
0x00007ff924730000 - 0x00007ff9247b3000 	C:\Windows\System32\fwpuclnt.dll
0x00007ff917af0000 - 0x00007ff917af9000 	C:\Users\nikitachawla\.jdks\openjdk-22.0.1\bin\extnet.dll

dbghelp: loaded successfully - version: 4.0.5 - missing functions: none
symbol engine: initialized successfully - sym options: 0x614 - pdb path: .;C:\Users\nikitachawla\.jdks\openjdk-22.0.1\bin;C:\Windows\SYSTEM32;C:\Windows\WinSxS\amd64_microsoft.windows.common-controls_6595b64144ccf1df_6.0.22621.3672_none_2713b9d173822955;C:\Users\nikitachawla\.jdks\openjdk-22.0.1\bin\server

VM Arguments:
java_command: C:\Users\nikitachawla\AppData\Local\Temp\surefire9146479597396626668\surefirebooter-20240712115449692_3.jar C:\Users\nikitachawla\AppData\Local\Temp\surefire9146479597396626668 2024-07-12T11-54-48_777-jvmRun1 surefire-20240712115449692_1tmp surefire_0-20240712115449692_2tmp
java_class_path (initial): C:\Users\nikitachawla\AppData\Local\Temp\surefire9146479597396626668\surefirebooter-20240712115449692_3.jar
Launcher Type: SUN_STANDARD

[Global flags]
     intx CICompilerCount                          = 4                                         {product} {ergonomic}
     uint ConcGCThreads                            = 2                                         {product} {ergonomic}
     uint G1ConcRefinementThreads                  = 8                                         {product} {ergonomic}
   size_t G1HeapRegionSize                         = 2097152                                   {product} {ergonomic}
   size_t InitialHeapSize                          = 260046848                                 {product} {ergonomic}
   size_t MarkStackSize                            = 4194304                                   {product} {ergonomic}
   size_t MaxHeapSize                              = 4133486592                                {product} {ergonomic}
   size_t MaxNewSize                               = 2478833664                                {product} {ergonomic}
   size_t MinHeapDeltaBytes                        = 2097152                                   {product} {ergonomic}
   size_t MinHeapSize                              = 8388608                                   {product} {ergonomic}
    uintx NonNMethodCodeHeapSize                   = 5839372                                {pd product} {ergonomic}
    uintx NonProfiledCodeHeapSize                  = 122909434                              {pd product} {ergonomic}
    uintx ProfiledCodeHeapSize                     = 122909434                              {pd product} {ergonomic}
    uintx ReservedCodeCacheSize                    = 251658240                              {pd product} {ergonomic}
     bool SegmentedCodeCache                       = true                                      {product} {ergonomic}
   size_t SoftMaxHeapSize                          = 4133486592                             {manageable} {ergonomic}
     bool UseCompressedOops                        = true                           {product lp64_product} {ergonomic}
     bool UseG1GC                                  = true                                      {product} {ergonomic}
     bool UseLargePagesIndividualAllocation        = false                                  {pd product} {ergonomic}

Logging:
Log output configuration:
 #0: stdout all=warning uptime,level,tags foldmultilines=false
 #1: stderr all=off uptime,level,tags foldmultilines=false

Environment Variables:
JAVA_HOME=C:\Program Files\Java\jdk-22
PATH=C:\Program Files\Common Files\Oracle\Java\javapath;C:\Program Files\Microsoft MPI\Bin\;C:\Windows\system32;C:\Windows;C:\Windows\System32\Wbem;C:\Windows\System32\WindowsPowerShell\v1.0\;C:\Windows\System32\OpenSSH\;C:\Program Files\dotnet\;C:\Program Files\TortoiseSVN\bin;C:\Program Files\Git\cmd;C:\Program Files\Docker\Docker\resources\bin;C:\Program Files (x86)\Microsoft SQL Server\160\Tools\Binn\;C:\Program Files\Microsoft SQL Server\160\Tools\Binn\;C:\Program Files\Microsoft SQL Server\Client SDK\ODBC\170\Tools\Binn\;C:\Program Files\Microsoft SQL Server\160\DTS\Binn\;C:\Program Files (x86)\Microsoft SQL Server\160\DTS\Binn\;C:\Users\nikitachawla\AppData\Local\Microsoft\WindowsApps;C:\Program Files\kubectl;C:\Program Files\Java\jdk-22\bin;C:\Program Files\apache-maven-3.9.8\bin;C:\Users\nikitachawla\AppData\Local\Microsoft\WindowsApps;
USERNAME=nikitachawla
OS=Windows_NT
PROCESSOR_IDENTIFIER=Intel64 Family 6 Model 140 Stepping 1, GenuineIntel
TMP=C:\Users\NIKITA~1\AppData\Local\Temp
TEMP=C:\Users\NIKITA~1\AppData\Local\Temp




Periodic native trim disabled

---------------  S Y S T E M  ---------------

OS:
 Windows 11 , 64 bit Build 22621 (10.0.22621.3672)
OS uptime: 3 days 0:18 hours
Hyper-V role detected

CPU: total 8 (initial active 8) (4 cores per cpu, 2 threads per core) family 6 model 140 stepping 1 microcode 0xb4, cx8, cmov, fxsr, ht, mmx, 3dnowpref, sse, sse2, sse3, ssse3, sse4.1, sse4.2, popcnt, lzcnt, tsc, tscinvbit, avx, avx2, aes, erms, clmul, bmi1, bmi2, adx, avx512f, avx512dq, avx512cd, avx512bw, avx512vl, sha, fma, vzeroupper, avx512_vpopcntdq, avx512_vpclmulqdq, avx512_vaes, avx512_vnni, clflush, clflushopt, clwb, avx512_vbmi2, avx512_vbmi, hv, rdtscp, rdpid, fsrm, gfni, avx512_bitalg, f16c, cet_ibt, cet_ss, avx512_ifma
Processor Information for all 8 processors :
  Max Mhz: 1498, Current Mhz: 1498, Mhz Limit: 1498

Memory: 4k page, system-wide physical 15761M (563M free)
TotalPageFile size 46187M (AvailPageFile size 2M)
current process WorkingSet (physical memory assigned to process): 224M, peak: 225M
current process commit charge ("private bytes"): 260M, peak: 401M

vm_info: OpenJDK 64-Bit Server VM (22.0.1+8-16) for windows-amd64 JRE (22.0.1+8-16), built on 2024-03-12T10:33:16Z by "mach5one" with MS VC++ 17.6 (VS2022)

END.
